<?xml version="1.0" encoding="UTF-8"?>
<testng-results skipped="0" failed="0" total="3" passed="3">
  <reporter-output>
  </reporter-output>
  <suite name="Suite" duration-ms="19998" started-at="2020-09-24T09:22:34Z" finished-at="2020-09-24T09:22:54Z">
    <groups>
    </groups>
    <test name="Test" duration-ms="19998" started-at="2020-09-24T09:22:34Z" finished-at="2020-09-24T09:22:54Z">
      <class name="testcases.TC_002">
        <test-method status="PASS" signature="testcase()[pri:0, instance:testcases.TC_002@cb5822]" name="testcase" duration-ms="6244" started-at="2020-09-24T11:22:41Z" finished-at="2020-09-24T11:22:47Z">
          <reporter-output>
          </reporter-output>
        </test-method> <!-- testcase -->
      </class> <!-- testcases.TC_002 -->
      <class name="testcases.TC_001">
        <test-method status="PASS" signature="testcase()[pri:0, instance:testcases.TC_001@55f3ddb1]" name="testcase" duration-ms="6887" started-at="2020-09-24T11:22:34Z" finished-at="2020-09-24T11:22:41Z">
          <reporter-output>
          </reporter-output>
        </test-method> <!-- testcase -->
      </class> <!-- testcases.TC_001 -->
      <class name="testcases.TC_003">
        <test-method status="PASS" signature="testcase()[pri:0, instance:testcases.TC_003@4b9e13df]" name="testcase" duration-ms="6827" started-at="2020-09-24T11:22:47Z" finished-at="2020-09-24T11:22:54Z">
          <reporter-output>
          </reporter-output>
        </test-method> <!-- testcase -->
      </class> <!-- testcases.TC_003 -->
    </test> <!-- Test -->
  </suite> <!-- Suite -->
</testng-results>
